Copyright 1986-2019 Xilinx, Inc. All Rights Reserved.
------------------------------------------------------------------------------------------------------
| Tool Version : Vivado v.2019.2 (lin64) Build 2708876 Wed Nov  6 21:39:14 MST 2019
| Date         : Sat Jan 21 19:09:27 2023
| Host         : DIGITAL-23 running 64-bit Ubuntu 18.04.6 LTS
| Command      : report_drc -file calc_drc_routed.rpt -pb calc_drc_routed.pb -rpx calc_drc_routed.rpx
| Design       : calc
| Device       : xc7a35tcpg236-1
| Speed File   : -1
| Design State : Fully Routed
------------------------------------------------------------------------------------------------------

Report DRC

Table of Contents
-----------------
1. REPORT SUMMARY
2. REPORT DETAILS

1. REPORT SUMMARY
-----------------
            Netlist: netlist
          Floorplan: checkpoint_calc
      Design limits: <entire design considered>
           Ruledeck: default
             Max violations: <unlimited>
             Violations found: 0
+------+----------+-------------+------------+
| Rule | Severity | Description | Violations |
+------+----------+-------------+------------+
+------+----------+-------------+------------+

2. REPORT DETAILS
-----------------

